<?xml version="1.0" encoding="UTF-8" ?>
<testsuite tests="1" failures="0" name="org.apache.felix.bundlerepository.impl.CapabilityImplTest" time="0.115" errors="0" skipped="0">
  <properties>
    <property name="java.runtime.name" value="Java(TM) SE Runtime Environment"/>
    <property name="sun.boot.library.path" value="C:\Program Files\Java\jdk1.8.0_131\jre\bin"/>
    <property name="java.vm.version" value="25.131-b11"/>
    <property name="java.vm.vendor" value="Oracle Corporation"/>
    <property name="java.vendor.url" value="http://java.oracle.com/"/>
    <property name="path.separator" value=";"/>
    <property name="java.vm.name" value="Java HotSpot(TM) 64-Bit Server VM"/>
    <property name="file.encoding.pkg" value="sun.io"/>
    <property name="user.script" value=""/>
    <property name="user.country" value="US"/>
    <property name="sun.java.launcher" value="SUN_STANDARD"/>
    <property name="sun.os.patch.level" value=""/>
    <property name="java.vm.specification.name" value="Java Virtual Machine Specification"/>
    <property name="user.dir" value="E:\osgiboxes\felix-trunk\bundlerepository"/>
    <property name="java.runtime.version" value="1.8.0_131-b11"/>
    <property name="java.awt.graphicsenv" value="sun.awt.Win32GraphicsEnvironment"/>
    <property name="basedir" value="E:\osgiboxes\felix-trunk\bundlerepository"/>
    <property name="java.endorsed.dirs" value="C:\Program Files\Java\jdk1.8.0_131\jre\lib\endorsed"/>
    <property name="os.arch" value="amd64"/>
    <property name="surefire.real.class.path" value="E:\osgiboxes\felix-trunk\bundlerepository\target\surefire\surefirebooter9060846253514276966.jar"/>
    <property name="java.io.tmpdir" value="C:\Users\quantda1\AppData\Local\Temp\"/>
    <property name="line.separator" value="
"/>
    <property name="java.vm.specification.vendor" value="Oracle Corporation"/>
    <property name="user.variant" value=""/>
    <property name="os.name" value="Windows 8.1"/>
    <property name="sun.jnu.encoding" value="Cp1252"/>
    <property name="java.library.path" value="C:\Program Files\Java\jdk1.8.0_131\jre\bin;C:\Windows\Sun\Java\bin;C:\Windows\system32;C:\Windows;C:\ProgramData\Oracle\Java\javapath;C:\Windows\system32;C:\Windows;C:\Windows\System32\Wbem;C:\Windows\System32\WindowsPowerShell\v1.0\;E:\eclipse-jee-workspace\apache-maven-3.5.0\bin;C:\Program Files\TortoiseSVN\bin;C:\HashiCorp\Vagrant\bin;C:\Program Files\PuTTY\;C:\Program Files\Git\cmd;C:\Users\quantda1\AppData\Local\Programs\Python\Python36;C:\Program Files\nodejs\;C:\Program Files\Microsoft VS Code\bin;C:\Users\quantda1\AppData\Roaming\npm;."/>
    <property name="surefire.test.class.path" value="E:\osgiboxes\felix-trunk\bundlerepository\target\test-classes;E:\osgiboxes\felix-trunk\bundlerepository\target\classes;C:\Users\quantda1\.m2\repository\org\apache\felix\org.apache.felix.utils\1.11.0-SNAPSHOT\org.apache.felix.utils-1.11.0-SNAPSHOT.jar;C:\Users\quantda1\.m2\repository\org\apache\felix\org.osgi.service.obr\1.0.2\org.osgi.service.obr-1.0.2.jar;C:\Users\quantda1\.m2\repository\org\apache\felix\org.apache.felix.shell\1.4.1\org.apache.felix.shell-1.4.1.jar;C:\Users\quantda1\.m2\repository\org\apache\felix\org.apache.felix.gogo.runtime\1.0.0\org.apache.felix.gogo.runtime-1.0.0.jar;C:\Users\quantda1\.m2\repository\net\sf\kxml\kxml2\2.3.0\kxml2-2.3.0.jar;C:\Users\quantda1\.m2\repository\org\osgi\org.osgi.compendium\5.0.0\org.osgi.compendium-5.0.0.jar;C:\Users\quantda1\.m2\repository\org\osgi\org.osgi.core\5.0.0\org.osgi.core-5.0.0.jar;C:\Users\quantda1\.m2\repository\org\codehaus\woodstox\woodstox-core-asl\4.0.7\woodstox-core-asl-4.0.7.jar;C:\Users\quantda1\.m2\repository\stax\stax-api\1.0.1\stax-api-1.0.1.jar;C:\Users\quantda1\.m2\repository\org\codehaus\woodstox\stax2-api\3.0.1\stax2-api-3.0.1.jar;C:\Users\quantda1\.m2\repository\org\easymock\easymock\3.4\easymock-3.4.jar;C:\Users\quantda1\.m2\repository\org\objenesis\objenesis\2.2\objenesis-2.2.jar;C:\Users\quantda1\.m2\repository\junit\junit\4.0\junit-4.0.jar;C:\Users\quantda1\.m2\repository\org\mockito\mockito-all\1.7\mockito-all-1.7.jar;"/>
    <property name="java.specification.name" value="Java Platform API Specification"/>
    <property name="java.class.version" value="52.0"/>
    <property name="sun.management.compiler" value="HotSpot 64-Bit Tiered Compilers"/>
    <property name="os.version" value="6.3"/>
    <property name="user.home" value="C:\Users\quantda1"/>
    <property name="user.timezone" value=""/>
    <property name="java.awt.printerjob" value="sun.awt.windows.WPrinterJob"/>
    <property name="java.specification.version" value="1.8"/>
    <property name="file.encoding" value="Cp1252"/>
    <property name="user.name" value="QuanTDA1"/>
    <property name="java.class.path" value="E:\osgiboxes\felix-trunk\bundlerepository\target\test-classes;E:\osgiboxes\felix-trunk\bundlerepository\target\classes;C:\Users\quantda1\.m2\repository\org\apache\felix\org.apache.felix.utils\1.11.0-SNAPSHOT\org.apache.felix.utils-1.11.0-SNAPSHOT.jar;C:\Users\quantda1\.m2\repository\org\apache\felix\org.osgi.service.obr\1.0.2\org.osgi.service.obr-1.0.2.jar;C:\Users\quantda1\.m2\repository\org\apache\felix\org.apache.felix.shell\1.4.1\org.apache.felix.shell-1.4.1.jar;C:\Users\quantda1\.m2\repository\org\apache\felix\org.apache.felix.gogo.runtime\1.0.0\org.apache.felix.gogo.runtime-1.0.0.jar;C:\Users\quantda1\.m2\repository\net\sf\kxml\kxml2\2.3.0\kxml2-2.3.0.jar;C:\Users\quantda1\.m2\repository\org\osgi\org.osgi.compendium\5.0.0\org.osgi.compendium-5.0.0.jar;C:\Users\quantda1\.m2\repository\org\osgi\org.osgi.core\5.0.0\org.osgi.core-5.0.0.jar;C:\Users\quantda1\.m2\repository\org\codehaus\woodstox\woodstox-core-asl\4.0.7\woodstox-core-asl-4.0.7.jar;C:\Users\quantda1\.m2\repository\stax\stax-api\1.0.1\stax-api-1.0.1.jar;C:\Users\quantda1\.m2\repository\org\codehaus\woodstox\stax2-api\3.0.1\stax2-api-3.0.1.jar;C:\Users\quantda1\.m2\repository\org\easymock\easymock\3.4\easymock-3.4.jar;C:\Users\quantda1\.m2\repository\org\objenesis\objenesis\2.2\objenesis-2.2.jar;C:\Users\quantda1\.m2\repository\junit\junit\4.0\junit-4.0.jar;C:\Users\quantda1\.m2\repository\org\mockito\mockito-all\1.7\mockito-all-1.7.jar;"/>
    <property name="java.vm.specification.version" value="1.8"/>
    <property name="sun.arch.data.model" value="64"/>
    <property name="java.home" value="C:\Program Files\Java\jdk1.8.0_131\jre"/>
    <property name="sun.java.command" value="E:\osgiboxes\felix-trunk\bundlerepository\target\surefire\surefirebooter9060846253514276966.jar E:\osgiboxes\felix-trunk\bundlerepository\target\surefire\surefire8536380223802630944tmp E:\osgiboxes\felix-trunk\bundlerepository\target\surefire\surefire3611261479730105237tmp"/>
    <property name="java.specification.vendor" value="Oracle Corporation"/>
    <property name="user.language" value="en"/>
    <property name="awt.toolkit" value="sun.awt.windows.WToolkit"/>
    <property name="java.vm.info" value="mixed mode"/>
    <property name="java.version" value="1.8.0_131"/>
    <property name="java.ext.dirs" value="C:\Program Files\Java\jdk1.8.0_131\jre\lib\ext;C:\Windows\Sun\Java\lib\ext"/>
    <property name="sun.boot.class.path" value="C:\Program Files\Java\jdk1.8.0_131\jre\lib\resources.jar;C:\Program Files\Java\jdk1.8.0_131\jre\lib\rt.jar;C:\Program Files\Java\jdk1.8.0_131\jre\lib\sunrsasign.jar;C:\Program Files\Java\jdk1.8.0_131\jre\lib\jsse.jar;C:\Program Files\Java\jdk1.8.0_131\jre\lib\jce.jar;C:\Program Files\Java\jdk1.8.0_131\jre\lib\charsets.jar;C:\Program Files\Java\jdk1.8.0_131\jre\lib\jfr.jar;C:\Program Files\Java\jdk1.8.0_131\jre\classes"/>
    <property name="java.vendor" value="Oracle Corporation"/>
    <property name="localRepository" value="C:\Users\quantda1\.m2\repository"/>
    <property name="file.separator" value="\"/>
    <property name="java.vendor.url.bug" value="http://bugreport.sun.com/bugreport/"/>
    <property name="sun.cpu.endian" value="little"/>
    <property name="sun.io.unicode.encoding" value="UnicodeLittle"/>
    <property name="sun.desktop" value="windows"/>
    <property name="sun.cpu.isalist" value="amd64"/>
  </properties>
  <testcase classname="org.apache.felix.bundlerepository.impl.CapabilityImplTest" name="testDirectives" time="0.007"/>
</testsuite>